Consolidate compiler generated dependencies of target cppcoro
[  3%] Building CXX object _deps/cppcoro-build/lib/CMakeFiles/cppcoro.dir/async_auto_reset_event.cpp.o
Warning: include-what-you-use reported diagnostics:

/data/data/com.termux/files/home/github/xnetwork-cpp/build/_deps/cppcoro-src/include/cppcoro/async_auto_reset_event.hpp should add these lines:
#include <experimental/coroutine>  // for coroutine_handle

/data/data/com.termux/files/home/github/xnetwork-cpp/build/_deps/cppcoro-src/include/cppcoro/async_auto_reset_event.hpp should remove these lines:
- #include <cppcoro/coroutine.hpp>  // lines 8-8

The full include-list for /data/data/com.termux/files/home/github/xnetwork-cpp/build/_deps/cppcoro-src/include/cppcoro/async_auto_reset_event.hpp:
#include <atomic>                  // for atomic
#include <cstdint>                 // for uint64_t, uint32_t
#include <experimental/coroutine>  // for coroutine_handle
namespace cppcoro { class async_auto_reset_event_operation; }  // lines 14-14
---

(/data/data/com.termux/files/home/github/xnetwork-cpp/build/_deps/cppcoro-src/lib/async_auto_reset_event.cpp has correct #includes/fwd-decls)

[  7%] Building CXX object _deps/cppcoro-build/lib/CMakeFiles/cppcoro.dir/async_manual_reset_event.cpp.o
Warning: include-what-you-use reported diagnostics:

/data/data/com.termux/files/home/github/xnetwork-cpp/build/_deps/cppcoro-src/include/cppcoro/async_manual_reset_event.hpp should add these lines:
#include <experimental/coroutine>  // for coroutine_handle

/data/data/com.termux/files/home/github/xnetwork-cpp/build/_deps/cppcoro-src/include/cppcoro/async_manual_reset_event.hpp should remove these lines:
- #include <cppcoro/coroutine.hpp>  // lines 8-8
- #include <cstdint>  // lines 10-10

The full include-list for /data/data/com.termux/files/home/github/xnetwork-cpp/build/_deps/cppcoro-src/include/cppcoro/async_manual_reset_event.hpp:
#include <atomic>                  // for atomic
#include <experimental/coroutine>  // for coroutine_handle
namespace cppcoro { class async_manual_reset_event_operation; }  // lines 14-14
---

/data/data/com.termux/files/home/github/xnetwork-cpp/build/_deps/cppcoro-src/lib/async_manual_reset_event.cpp should add these lines:

/data/data/com.termux/files/home/github/xnetwork-cpp/build/_deps/cppcoro-src/lib/async_manual_reset_event.cpp should remove these lines:
- #include <cppcoro/config.hpp>  // lines 8-8

The full include-list for /data/data/com.termux/files/home/github/xnetwork-cpp/build/_deps/cppcoro-src/lib/async_manual_reset_event.cpp:
#include <cppcoro/async_manual_reset_event.hpp>
#include <cassert>  // for assert
---

[ 10%] Building CXX object _deps/cppcoro-build/lib/CMakeFiles/cppcoro.dir/async_mutex.cpp.o
Warning: include-what-you-use reported diagnostics:

/data/data/com.termux/files/home/github/xnetwork-cpp/build/_deps/cppcoro-src/include/cppcoro/async_mutex.hpp should add these lines:
#include <__mutex_base>            // for adopt_lock, adopt_lock_t
#include <experimental/coroutine>  // for coroutine_handle

/data/data/com.termux/files/home/github/xnetwork-cpp/build/_deps/cppcoro-src/include/cppcoro/async_mutex.hpp should remove these lines:
- #include <cppcoro/coroutine.hpp>  // lines 8-8
- #include <mutex>  // lines 11-11
- namespace cppcoro { class async_mutex_lock; }  // lines 15-15

The full include-list for /data/data/com.termux/files/home/github/xnetwork-cpp/build/_deps/cppcoro-src/include/cppcoro/async_mutex.hpp:
#include <__mutex_base>            // for adopt_lock, adopt_lock_t
#include <atomic>                  // for atomic
#include <cstdint>                 // for uintptr_t
#include <experimental/coroutine>  // for coroutine_handle
namespace cppcoro { class async_mutex_lock_operation; }  // lines 16-16
namespace cppcoro { class async_mutex_scoped_lock_operation; }  // lines 17-17
---

(/data/data/com.termux/files/home/github/xnetwork-cpp/build/_deps/cppcoro-src/lib/async_mutex.cpp has correct #includes/fwd-decls)

[ 14%] Building CXX object _deps/cppcoro-build/lib/CMakeFiles/cppcoro.dir/cancellation_state.cpp.o
Warning: include-what-you-use reported diagnostics:

/data/data/com.termux/files/home/github/xnetwork-cpp/build/_deps/cppcoro-src/lib/cancellation_state.hpp should add these lines:
namespace cppcoro { class cancellation_registration; }

/data/data/com.termux/files/home/github/xnetwork-cpp/build/_deps/cppcoro-src/lib/cancellation_state.hpp should remove these lines:
- #include <cppcoro/cancellation_token.hpp>  // lines 8-8
- #include <thread>  // lines 10-10

The full include-list for /data/data/com.termux/files/home/github/xnetwork-cpp/build/_deps/cppcoro-src/lib/cancellation_state.hpp:
#include <atomic>   // for atomic
#include <cstdint>  // for uint64_t, UINT64_C
namespace cppcoro { class cancellation_registration; }
namespace cppcoro { namespace detail { struct cancellation_registration_state; } }  // lines 18-18
---

/data/data/com.termux/files/home/github/xnetwork-cpp/build/_deps/cppcoro-src/lib/cancellation_state.cpp should add these lines:
#include <__threading_support>                    // for get_id, operator!=
#include <exception>                              // for terminate
#include <functional>                             // for function
#include <new>                                    // for operator new, bad_a...
#include <thread>                                 // for thread, thread::id

/data/data/com.termux/files/home/github/xnetwork-cpp/build/_deps/cppcoro-src/lib/cancellation_state.cpp should remove these lines:

The full include-list for /data/data/com.termux/files/home/github/xnetwork-cpp/build/_deps/cppcoro-src/lib/cancellation_state.cpp:
#include "cancellation_state.hpp"
#include <__threading_support>                    // for get_id, operator!=
#include <cassert>                                // for assert
#include <cppcoro/cancellation_registration.hpp>  // for cancellation_regist...
#include <cstdlib>                                // for free, malloc, size_t
#include <exception>                              // for terminate
#include <functional>                             // for function
#include <new>                                    // for operator new, bad_a...
#include <thread>                                 // for thread, thread::id
#include "cppcoro/config.hpp"                     // for CPPCORO_ASSUME
---

[ 17%] Building CXX object _deps/cppcoro-build/lib/CMakeFiles/cppcoro.dir/cancellation_token.cpp.o
Warning: include-what-you-use reported diagnostics:

/data/data/com.termux/files/home/github/xnetwork-cpp/build/_deps/cppcoro-src/include/cppcoro/cancellation_token.hpp should add these lines:

/data/data/com.termux/files/home/github/xnetwork-cpp/build/_deps/cppcoro-src/include/cppcoro/cancellation_token.hpp should remove these lines:
- namespace cppcoro { class cancellation_registration; }  // lines 11-11
- namespace cppcoro { class cancellation_source; }  // lines 10-10

The full include-list for /data/data/com.termux/files/home/github/xnetwork-cpp/build/_deps/cppcoro-src/include/cppcoro/cancellation_token.hpp:
namespace cppcoro { namespace detail { class cancellation_state; } }  // lines 15-15
---

/data/data/com.termux/files/home/github/xnetwork-cpp/build/_deps/cppcoro-src/lib/cancellation_token.cpp should add these lines:
#include <type_traits>                      // for swap

/data/data/com.termux/files/home/github/xnetwork-cpp/build/_deps/cppcoro-src/lib/cancellation_token.cpp should remove these lines:
- #include <cassert>  // lines 12-12
- #include <utility>  // lines 11-11

The full include-list for /data/data/com.termux/files/home/github/xnetwork-cpp/build/_deps/cppcoro-src/lib/cancellation_token.cpp:
#include <cppcoro/cancellation_token.hpp>
#include <cppcoro/operation_cancelled.hpp>  // for operation_cancelled
#include <type_traits>                      // for swap
#include "cancellation_state.hpp"           // for cancellation_state
---

[ 21%] Building CXX object _deps/cppcoro-build/lib/CMakeFiles/cppcoro.dir/cancellation_source.cpp.o
Warning: include-what-you-use reported diagnostics:

(/data/data/com.termux/files/home/github/xnetwork-cpp/build/_deps/cppcoro-src/include/cppcoro/cancellation_source.hpp has correct #includes/fwd-decls)

/data/data/com.termux/files/home/github/xnetwork-cpp/build/_deps/cppcoro-src/lib/cancellation_source.cpp should add these lines:
#include "cppcoro/cancellation_token.hpp"  // for cancellation_token

/data/data/com.termux/files/home/github/xnetwork-cpp/build/_deps/cppcoro-src/lib/cancellation_source.cpp should remove these lines:
- #include <cassert>  // lines 10-10

The full include-list for /data/data/com.termux/files/home/github/xnetwork-cpp/build/_deps/cppcoro-src/lib/cancellation_source.cpp:
#include <cppcoro/cancellation_source.hpp>
#include "cancellation_state.hpp"          // for cancellation_state
#include "cppcoro/cancellation_token.hpp"  // for cancellation_token
---

[ 25%] Building CXX object _deps/cppcoro-build/lib/CMakeFiles/cppcoro.dir/cancellation_registration.cpp.o
Warning: include-what-you-use reported diagnostics:

/data/data/com.termux/files/home/github/xnetwork-cpp/build/_deps/cppcoro-src/include/cppcoro/cancellation_registration.hpp should add these lines:

/data/data/com.termux/files/home/github/xnetwork-cpp/build/_deps/cppcoro-src/include/cppcoro/cancellation_registration.hpp should remove these lines:
- #include <atomic>  // lines 13-13
- #include <utility>  // lines 11-11

The full include-list for /data/data/com.termux/files/home/github/xnetwork-cpp/build/_deps/cppcoro-src/include/cppcoro/cancellation_registration.hpp:
#include <cppcoro/cancellation_token.hpp>  // for cancellation_token
#include <cstdint>                         // for uint32_t
#include <functional>                      // for function
#include <type_traits>                     // for move, enable_if_t, forward
namespace cppcoro { namespace detail { class cancellation_state; } }  // lines 20-20
namespace cppcoro { namespace detail { struct cancellation_registration_list_chunk; } }  // lines 21-21
namespace cppcoro { namespace detail { struct cancellation_registration_state; } }  // lines 22-22
---

/data/data/com.termux/files/home/github/xnetwork-cpp/build/_deps/cppcoro-src/lib/cancellation_registration.cpp should add these lines:
#include "cppcoro/cancellation_token.hpp"  // for cancellation_token

/data/data/com.termux/files/home/github/xnetwork-cpp/build/_deps/cppcoro-src/lib/cancellation_registration.cpp should remove these lines:
- #include <cassert>  // lines 10-10

The full include-list for /data/data/com.termux/files/home/github/xnetwork-cpp/build/_deps/cppcoro-src/lib/cancellation_registration.cpp:
#include <cppcoro/cancellation_registration.hpp>
#include "cancellation_state.hpp"          // for cancellation_state
#include "cppcoro/cancellation_token.hpp"  // for cancellation_token
---

[ 28%] Building CXX object _deps/cppcoro-build/lib/CMakeFiles/cppcoro.dir/lightweight_manual_reset_event.cpp.o
Warning: include-what-you-use reported diagnostics:

/data/data/com.termux/files/home/github/xnetwork-cpp/build/_deps/cppcoro-src/include/cppcoro/detail/lightweight_manual_reset_event.hpp should add these lines:

/data/data/com.termux/files/home/github/xnetwork-cpp/build/_deps/cppcoro-src/include/cppcoro/detail/lightweight_manual_reset_event.hpp should remove these lines:
- #include <cstdint>  // lines 12-12

The full include-list for /data/data/com.termux/files/home/github/xnetwork-cpp/build/_deps/cppcoro-src/include/cppcoro/detail/lightweight_manual_reset_event.hpp:
#include <atomic>              // for atomic
#include <cppcoro/config.hpp>  // for CPPCORO_OS_LINUX, CPPCORO_OS_WINNT
---

/data/data/com.termux/files/home/github/xnetwork-cpp/build/_deps/cppcoro-src/lib/lightweight_manual_reset_event.cpp should add these lines:
#include <bits/glibc-syscalls.h>  // for SYS_futex
#include "cppcoro/config.hpp"     // for CPPCORO_OS_LINUX, CPPCORO_OS_WINNT

/data/data/com.termux/files/home/github/xnetwork-cpp/build/_deps/cppcoro-src/lib/lightweight_manual_reset_event.cpp should remove these lines:
- #include <sys/syscall.h>  // lines 110-110
- #include <sys/time.h>  // lines 111-111
- #include <system_error>  // lines 8-8

The full include-list for /data/data/com.termux/files/home/github/xnetwork-cpp/build/_deps/cppcoro-src/lib/lightweight_manual_reset_event.cpp:
#include <cppcoro/detail/lightweight_manual_reset_event.hpp>
#include <bits/glibc-syscalls.h>  // for SYS_futex
#include <linux/futex.h>          // for FUTEX_WAIT_PRIVATE, FUTEX_WAKE_PRIVATE
#include <unistd.h>               // for syscall
#include <cassert>                // for assert
#include <cerrno>                 // for EAGAIN, errno
#include <climits>                // for INT_MAX
#include "cppcoro/config.hpp"     // for CPPCORO_OS_LINUX, CPPCORO_OS_WINNT
---

[ 32%] Building CXX object _deps/cppcoro-build/lib/CMakeFiles/cppcoro.dir/ip_address.cpp.o
Warning: include-what-you-use reported diagnostics:

/data/data/com.termux/files/home/github/xnetwork-cpp/build/_deps/cppcoro-src/include/cppcoro/net/ip_address.hpp should add these lines:
#include <stdint.h>                      // for uint8_t
#include <iosfwd>                        // for string
#include <string_view>                   // for string_view

/data/data/com.termux/files/home/github/xnetwork-cpp/build/_deps/cppcoro-src/include/cppcoro/net/ip_address.hpp should remove these lines:
- #include <string>  // lines 13-13

The full include-list for /data/data/com.termux/files/home/github/xnetwork-cpp/build/_deps/cppcoro-src/include/cppcoro/net/ip_address.hpp:
#include <stdint.h>                      // for uint8_t
#include <cassert>                       // for assert
#include <cppcoro/net/ipv4_address.hpp>  // for ipv4_address
#include <cppcoro/net/ipv6_address.hpp>  // for ipv6_address
#include <iosfwd>                        // for string
#include <optional>                      // for optional
#include <string_view>                   // for string_view
---

/data/data/com.termux/files/home/github/xnetwork-cpp/build/_deps/cppcoro-src/lib/ip_address.cpp should add these lines:
#include <string>                        // for basic_string
#include "cppcoro/net/ipv4_address.hpp"  // for ipv4_address
#include "cppcoro/net/ipv6_address.hpp"  // for ipv6_address

/data/data/com.termux/files/home/github/xnetwork-cpp/build/_deps/cppcoro-src/lib/ip_address.cpp should remove these lines:

The full include-list for /data/data/com.termux/files/home/github/xnetwork-cpp/build/_deps/cppcoro-src/lib/ip_address.cpp:
#include <cppcoro/net/ip_address.hpp>
#include <string>                        // for basic_string
#include "cppcoro/net/ipv4_address.hpp"  // for ipv4_address
#include "cppcoro/net/ipv6_address.hpp"  // for ipv6_address
---

[ 35%] Building CXX object _deps/cppcoro-build/lib/CMakeFiles/cppcoro.dir/ip_endpoint.cpp.o
Warning: include-what-you-use reported diagnostics:

/data/data/com.termux/files/home/github/xnetwork-cpp/build/_deps/cppcoro-src/include/cppcoro/net/ip_endpoint.hpp should add these lines:
#include <stdint.h>                       // for uint16_t
#include <iosfwd>                         // for string
#include <string_view>                    // for string_view

/data/data/com.termux/files/home/github/xnetwork-cpp/build/_deps/cppcoro-src/include/cppcoro/net/ip_endpoint.hpp should remove these lines:
- #include <string>  // lines 14-14

The full include-list for /data/data/com.termux/files/home/github/xnetwork-cpp/build/_deps/cppcoro-src/include/cppcoro/net/ip_endpoint.hpp:
#include <stdint.h>                       // for uint16_t
#include <cassert>                        // for assert
#include <cppcoro/net/ip_address.hpp>     // for ip_address
#include <cppcoro/net/ipv4_endpoint.hpp>  // for ipv4_endpoint, operator<
#include <cppcoro/net/ipv6_endpoint.hpp>  // for ipv6_endpoint, operator<
#include <iosfwd>                         // for string
#include <optional>                       // for optional
#include <string_view>                    // for string_view
---

/data/data/com.termux/files/home/github/xnetwork-cpp/build/_deps/cppcoro-src/lib/ip_endpoint.cpp should add these lines:
#include <string>                         // for basic_string
#include "cppcoro/net/ipv4_endpoint.hpp"  // for ipv4_endpoint
#include "cppcoro/net/ipv6_endpoint.hpp"  // for ipv6_endpoint

/data/data/com.termux/files/home/github/xnetwork-cpp/build/_deps/cppcoro-src/lib/ip_endpoint.cpp should remove these lines:

The full include-list for /data/data/com.termux/files/home/github/xnetwork-cpp/build/_deps/cppcoro-src/lib/ip_endpoint.cpp:
#include <cppcoro/net/ip_endpoint.hpp>
#include <string>                         // for basic_string
#include "cppcoro/net/ipv4_endpoint.hpp"  // for ipv4_endpoint
#include "cppcoro/net/ipv6_endpoint.hpp"  // for ipv6_endpoint
---

[ 39%] Building CXX object _deps/cppcoro-build/lib/CMakeFiles/cppcoro.dir/ipv4_address.cpp.o
Warning: include-what-you-use reported diagnostics:

/data/data/com.termux/files/home/github/xnetwork-cpp/build/_deps/cppcoro-src/include/cppcoro/net/ipv4_address.hpp should add these lines:
#include <iosfwd>       // for string

/data/data/com.termux/files/home/github/xnetwork-cpp/build/_deps/cppcoro-src/include/cppcoro/net/ipv4_address.hpp should remove these lines:
- #include <string>  // lines 10-10

The full include-list for /data/data/com.termux/files/home/github/xnetwork-cpp/build/_deps/cppcoro-src/include/cppcoro/net/ipv4_address.hpp:
#include <cstdint>      // for uint8_t, uint32_t
#include <iosfwd>       // for string
#include <optional>     // for optional
#include <string_view>  // for string_view
---

/data/data/com.termux/files/home/github/xnetwork-cpp/build/_deps/cppcoro-src/lib/ipv4_address.cpp should add these lines:
#include <stddef.h>  // for size_t
#include <string>    // for basic_string

/data/data/com.termux/files/home/github/xnetwork-cpp/build/_deps/cppcoro-src/lib/ipv4_address.cpp should remove these lines:

The full include-list for /data/data/com.termux/files/home/github/xnetwork-cpp/build/_deps/cppcoro-src/lib/ipv4_address.cpp:
#include <cppcoro/net/ipv4_address.hpp>
#include <stddef.h>  // for size_t
#include <string>    // for basic_string
---

[ 42%] Building CXX object _deps/cppcoro-build/lib/CMakeFiles/cppcoro.dir/ipv4_endpoint.cpp.o
Warning: include-what-you-use reported diagnostics:

/data/data/com.termux/files/home/github/xnetwork-cpp/build/_deps/cppcoro-src/include/cppcoro/net/ipv4_endpoint.hpp should add these lines:
#include <stdint.h>                      // for uint16_t
#include <iosfwd>                        // for string

/data/data/com.termux/files/home/github/xnetwork-cpp/build/_deps/cppcoro-src/include/cppcoro/net/ipv4_endpoint.hpp should remove these lines:
- #include <string>  // lines 11-11

The full include-list for /data/data/com.termux/files/home/github/xnetwork-cpp/build/_deps/cppcoro-src/include/cppcoro/net/ipv4_endpoint.hpp:
#include <stdint.h>                      // for uint16_t
#include <cppcoro/net/ipv4_address.hpp>  // for ipv4_address
#include <iosfwd>                        // for string
#include <optional>                      // for optional
#include <string_view>                   // for string_view
---

/data/data/com.termux/files/home/github/xnetwork-cpp/build/_deps/cppcoro-src/lib/ipv4_endpoint.cpp should add these lines:
#include <cstdint>                       // for uint16_t, uint8_t, uint32_t
#include <string>                        // for basic_string, to_string
#include "cppcoro/net/ipv4_address.hpp"  // for ipv4_address

/data/data/com.termux/files/home/github/xnetwork-cpp/build/_deps/cppcoro-src/lib/ipv4_endpoint.cpp should remove these lines:
- #include <algorithm>  // lines 8-8

The full include-list for /data/data/com.termux/files/home/github/xnetwork-cpp/build/_deps/cppcoro-src/lib/ipv4_endpoint.cpp:
#include <cppcoro/net/ipv4_endpoint.hpp>
#include <cstdint>                       // for uint16_t, uint8_t, uint32_t
#include <string>                        // for basic_string, to_string
#include "cppcoro/net/ipv4_address.hpp"  // for ipv4_address
---

[ 46%] Building CXX object _deps/cppcoro-build/lib/CMakeFiles/cppcoro.dir/ipv6_address.cpp.o
Warning: include-what-you-use reported diagnostics:

/data/data/com.termux/files/home/github/xnetwork-cpp/build/_deps/cppcoro-src/include/cppcoro/net/ipv6_address.hpp should add these lines:
#include <iosfwd>       // for string

/data/data/com.termux/files/home/github/xnetwork-cpp/build/_deps/cppcoro-src/include/cppcoro/net/ipv6_address.hpp should remove these lines:
- #include <string>  // lines 10-10
- namespace cppcoro { namespace net { class ipv4_address; } }  // lines 15-15

The full include-list for /data/data/com.termux/files/home/github/xnetwork-cpp/build/_deps/cppcoro-src/include/cppcoro/net/ipv6_address.hpp:
#include <cstdint>      // for uint8_t, uint16_t, uint64_t
#include <iosfwd>       // for string
#include <optional>     // for optional
#include <string_view>  // for string_view
---

/data/data/com.termux/files/home/github/xnetwork-cpp/build/_deps/cppcoro-src/lib/ipv6_address.cpp should add these lines:
#include <stddef.h>  // for size_t
#include <string>    // for basic_string

/data/data/com.termux/files/home/github/xnetwork-cpp/build/_deps/cppcoro-src/lib/ipv6_address.cpp should remove these lines:
- #include <cppcoro/config.hpp>  // lines 7-7

The full include-list for /data/data/com.termux/files/home/github/xnetwork-cpp/build/_deps/cppcoro-src/lib/ipv6_address.cpp:
#include <cppcoro/net/ipv6_address.hpp>
#include <stddef.h>  // for size_t
#include <cassert>   // for assert
#include <string>    // for basic_string
---

[ 50%] Building CXX object _deps/cppcoro-build/lib/CMakeFiles/cppcoro.dir/ipv6_endpoint.cpp.o
Warning: include-what-you-use reported diagnostics:

/data/data/com.termux/files/home/github/xnetwork-cpp/build/_deps/cppcoro-src/include/cppcoro/net/ipv6_endpoint.hpp should add these lines:
#include <stdint.h>                      // for uint16_t
#include <iosfwd>                        // for string

/data/data/com.termux/files/home/github/xnetwork-cpp/build/_deps/cppcoro-src/include/cppcoro/net/ipv6_endpoint.hpp should remove these lines:
- #include <string>  // lines 11-11

The full include-list for /data/data/com.termux/files/home/github/xnetwork-cpp/build/_deps/cppcoro-src/include/cppcoro/net/ipv6_endpoint.hpp:
#include <stdint.h>                      // for uint16_t
#include <cppcoro/net/ipv6_address.hpp>  // for ipv6_address
#include <iosfwd>                        // for string
#include <optional>                      // for optional
#include <string_view>                   // for string_view
---

/data/data/com.termux/files/home/github/xnetwork-cpp/build/_deps/cppcoro-src/lib/ipv6_endpoint.cpp should add these lines:
#include <cstdint>                       // for uint16_t, uint8_t, uint32_t
#include <string>                        // for basic_string, to_string
#include "cppcoro/net/ipv6_address.hpp"  // for ipv6_address

/data/data/com.termux/files/home/github/xnetwork-cpp/build/_deps/cppcoro-src/lib/ipv6_endpoint.cpp should remove these lines:
- #include <algorithm>  // lines 8-8

The full include-list for /data/data/com.termux/files/home/github/xnetwork-cpp/build/_deps/cppcoro-src/lib/ipv6_endpoint.cpp:
#include <cppcoro/net/ipv6_endpoint.hpp>
#include <cstdint>                       // for uint16_t, uint8_t, uint32_t
#include <string>                        // for basic_string, to_string
#include "cppcoro/net/ipv6_address.hpp"  // for ipv6_address
---

[ 53%] Building CXX object _deps/cppcoro-build/lib/CMakeFiles/cppcoro.dir/static_thread_pool.cpp.o
Warning: include-what-you-use reported diagnostics:

/data/data/com.termux/files/home/github/xnetwork-cpp/build/_deps/cppcoro-src/include/cppcoro/static_thread_pool.hpp should add these lines:
#include <__mutex_base>            // for mutex
#include <experimental/coroutine>  // for coroutine_handle

/data/data/com.termux/files/home/github/xnetwork-cpp/build/_deps/cppcoro-src/include/cppcoro/static_thread_pool.hpp should remove these lines:
- #include <cppcoro/coroutine.hpp>  // lines 14-14
- #include <mutex>  // lines 13-13

The full include-list for /data/data/com.termux/files/home/github/xnetwork-cpp/build/_deps/cppcoro-src/include/cppcoro/static_thread_pool.hpp:
#include <__mutex_base>            // for mutex
#include <atomic>                  // for atomic
#include <cstdint>                 // for uint32_t
#include <experimental/coroutine>  // for coroutine_handle
#include <memory>                  // for unique_ptr
#include <thread>                  // for thread
#include <vector>                  // for vector
namespace cppcoro { class static_thread_pool::thread_state; }  // lines 92-92
---

/data/data/com.termux/files/home/github/xnetwork-cpp/build/_deps/cppcoro-src/lib/static_thread_pool.cpp should add these lines:
#include <cstddef>               // for size_t
#include <exception>             // for terminate
#include <new>                   // for nothrow
#include <type_traits>           // for move, make_signed_t
#include <utility>               // for exchange
#include "cppcoro/config.hpp"    // for CPPCORO_COMPILER_MSVC

/data/data/com.termux/files/home/github/xnetwork-cpp/build/_deps/cppcoro-src/lib/static_thread_pool.cpp should remove these lines:

The full include-list for /data/data/com.termux/files/home/github/xnetwork-cpp/build/_deps/cppcoro-src/lib/static_thread_pool.cpp:
#include <cppcoro/static_thread_pool.hpp>
#include <cassert>               // for assert
#include <chrono>                // for operator""ms, chrono_literals
#include <cstddef>               // for size_t
#include <exception>             // for terminate
#include <mutex>                 // for scoped_lock
#include <new>                   // for nothrow
#include <type_traits>           // for move, make_signed_t
#include <utility>               // for exchange
#include "auto_reset_event.hpp"  // for auto_reset_event
#include "cppcoro/config.hpp"    // for CPPCORO_COMPILER_MSVC
#include "spin_mutex.hpp"        // for spin_mutex
#include "spin_wait.hpp"         // for spin_wait
---

[ 57%] Building CXX object _deps/cppcoro-build/lib/CMakeFiles/cppcoro.dir/auto_reset_event.cpp.o
Warning: include-what-you-use reported diagnostics:

/data/data/com.termux/files/home/github/xnetwork-cpp/build/_deps/cppcoro-src/lib/auto_reset_event.hpp should add these lines:
#include <__mutex_base>        // for condition_variable, mutex

/data/data/com.termux/files/home/github/xnetwork-cpp/build/_deps/cppcoro-src/lib/auto_reset_event.hpp should remove these lines:
- #include <condition_variable>  // lines 14-14
- #include <mutex>  // lines 13-13

The full include-list for /data/data/com.termux/files/home/github/xnetwork-cpp/build/_deps/cppcoro-src/lib/auto_reset_event.hpp:
#include <__mutex_base>        // for condition_variable, mutex
#include <cppcoro/config.hpp>  // for CPPCORO_OS_WINNT
---

/data/data/com.termux/files/home/github/xnetwork-cpp/build/_deps/cppcoro-src/lib/auto_reset_event.cpp should add these lines:
#include "cppcoro/config.hpp"  // for CPPCORO_OS_WINNT

/data/data/com.termux/files/home/github/xnetwork-cpp/build/_deps/cppcoro-src/lib/auto_reset_event.cpp should remove these lines:

The full include-list for /data/data/com.termux/files/home/github/xnetwork-cpp/build/_deps/cppcoro-src/lib/auto_reset_event.cpp:
#include "auto_reset_event.hpp"
#include "cppcoro/config.hpp"  // for CPPCORO_OS_WINNT
---

[ 60%] Building CXX object _deps/cppcoro-build/lib/CMakeFiles/cppcoro.dir/spin_wait.cpp.o
[ 64%] Building CXX object _deps/cppcoro-build/lib/CMakeFiles/cppcoro.dir/spin_mutex.cpp.o
[ 67%] Linking CXX static library libcppcoro.a
[ 67%] Built target cppcoro
Consolidate compiler generated dependencies of target XNetworkTests
[ 71%] Building CXX object test/CMakeFiles/XNetworkTests.dir/source/main.cpp.o
[ 75%] Building CXX object test/CMakeFiles/XNetworkTests.dir/source/test_boost.cpp.o
Warning: include-what-you-use reported diagnostics:

/data/data/com.termux/files/home/github/xnetwork-cpp/test/source/test_boost.cpp should add these lines:
#include <boost/graph/detail/adjacency_list.hpp>  // for adj_list_gen<>::config
#include <boost/graph/graph_selectors.hpp>        // for bidirectionalS
#include <boost/iterator/iterator_facade.hpp>     // for operator!=, iterato...
#include <boost/pending/property.hpp>             // for no_property
#include <boost/range/irange.hpp>                 // for integer_iterator
#include <type_traits>                            // for move

/data/data/com.termux/files/home/github/xnetwork-cpp/test/source/test_boost.cpp should remove these lines:
- #include <boost/graph/dijkstra_shortest_paths.hpp>  // lines 5-5

The full include-list for /data/data/com.termux/files/home/github/xnetwork-cpp/test/source/test_boost.cpp:
#include <doctest/doctest.h>                      // for TestCase, TEST_CASE
#include <algorithm>                              // for for_each
#include <boost/graph/adjacency_list.hpp>         // for vecS (ptr only)
#include <boost/graph/detail/adjacency_list.hpp>  // for adj_list_gen<>::config
#include <boost/graph/graph_selectors.hpp>        // for bidirectionalS
#include <boost/graph/graph_traits.hpp>           // for graph_traits, graph...
#include <boost/iterator/iterator_facade.hpp>     // for operator!=, iterato...
#include <boost/pending/property.hpp>             // for no_property
#include <boost/range/irange.hpp>                 // for integer_iterator
#include <py2cpp/nx2bgl.hpp>                      // for grAdaptor, AtlasView
#include <type_traits>                            // for move
#include <utility>                                // for pair
---

[ 78%] Building CXX object test/CMakeFiles/XNetworkTests.dir/source/test_nx2bgl.cpp.o
Warning: include-what-you-use reported diagnostics:

/data/data/com.termux/files/home/github/xnetwork-cpp/test/source/test_nx2bgl.cpp should add these lines:
#include <boost/graph/graph_selectors.hpp>     // for directedS
#include <boost/graph/properties.hpp>          // for edge_index_t, edge_wei...
#include <boost/iterator/iterator_facade.hpp>  // for operator!=, operator==
#include <boost/move/utility_core.hpp>         // for move
#include <boost/pending/property.hpp>          // for property, no_property
#include <type_traits>                         // for move

/data/data/com.termux/files/home/github/xnetwork-cpp/test/source/test_nx2bgl.cpp should remove these lines:

The full include-list for /data/data/com.termux/files/home/github/xnetwork-cpp/test/source/test_nx2bgl.cpp:
#include <doctest/doctest.h>                   // for ResultBuilder, TestCase
#include <boost/graph/adjacency_list.hpp>      // for adjacency_list, listS ...
#include <boost/graph/graph_selectors.hpp>     // for directedS
#include <boost/graph/graph_traits.hpp>        // for graph_traits, graph_tr...
#include <boost/graph/properties.hpp>          // for edge_index_t, edge_wei...
#include <boost/iterator/iterator_facade.hpp>  // for operator!=, operator==
#include <boost/move/utility_core.hpp>         // for move
#include <boost/pending/property.hpp>          // for property, no_property
#include <py2cpp/nx2bgl.hpp>                   // for grAdaptor
#include <type_traits>                         // for move
#include <utility>                             // for pair
---

[ 82%] Building CXX object test/CMakeFiles/XNetworkTests.dir/source/test_xnDiGraphS.cpp.o
Warning: include-what-you-use reported diagnostics:

/data/data/com.termux/files/home/github/xnetwork-cpp/test/source/test_xnDiGraphS.cpp should add these lines:
#include <iosfwd>                         // for string
#include <utility>                        // for pair

/data/data/com.termux/files/home/github/xnetwork-cpp/test/source/test_xnDiGraphS.cpp should remove these lines:

The full include-list for /data/data/com.termux/files/home/github/xnetwork-cpp/test/source/test_xnDiGraphS.cpp:
#include <doctest/doctest.h>              // for ResultBuilder, TestCase, CHECK
#include <array>                          // for array
#include <iosfwd>                         // for string
#include <string>                         // for basic_string, operator==
#include <utility>                        // for pair
#include <vector>                         // for vector
#include <xnetwork/classes/digraphs.hpp>  // for DiGraphS
---

[ 85%] Building CXX object test/CMakeFiles/XNetworkTests.dir/source/test_xnDiGraphS2.cpp.o
Warning: include-what-you-use reported diagnostics:

/data/data/com.termux/files/home/github/xnetwork-cpp/test/source/test_xnDiGraphS2.cpp should add these lines:

/data/data/com.termux/files/home/github/xnetwork-cpp/test/source/test_xnDiGraphS2.cpp should remove these lines:
- #include <py2cpp/fractions.hpp>  // lines 5-5

The full include-list for /data/data/com.termux/files/home/github/xnetwork-cpp/test/source/test_xnDiGraphS2.cpp:
#include <doctest/doctest.h>                  // for TestCase, ResultBuilder
#include <array>                              // for array
#include <xnetwork/classes/digraphs.hpp>      // for DiGraphS
#include <xnetwork/generators/testcases.hpp>  // for create_test_case1, crea...
---

[ 89%] Building CXX object test/CMakeFiles/XNetworkTests.dir/source/test_xnGraph.cpp.o
Warning: include-what-you-use reported diagnostics:

/data/data/com.termux/files/home/github/xnetwork-cpp/test/source/test_xnGraph.cpp should add these lines:
#include <__hash_table>                // for operator!=
#include <__tuple>                     // for tuple_element<>::type
#include <cppcoro/generator.hpp>       // for operator!=, generator
#include <cstdint>                     // for uint8_t
#include <py2cpp/dict.hpp>             // for dict<>::Base
#include <py2cpp/enumerate.hpp>        // for iterable_wrapper
#include <py2cpp/set.hpp>              // for set
#include <unordered_map>               // for operator!=
#include <vector>                      // for vector

/data/data/com.termux/files/home/github/xnetwork-cpp/test/source/test_xnGraph.cpp should remove these lines:
- #include <cinttypes>  // lines 4-4
- #include <py2cpp/py2cpp.hpp>  // lines 5-5

The full include-list for /data/data/com.termux/files/home/github/xnetwork-cpp/test/source/test_xnGraph.cpp:
#include <doctest/doctest.h>           // for ResultBuilder, TestCase, CHECK
#include <__hash_table>                // for operator!=
#include <__tuple>                     // for tuple_element<>::type
#include <cppcoro/generator.hpp>       // for operator!=, generator
#include <cstdint>                     // for uint8_t
#include <py2cpp/dict.hpp>             // for dict<>::Base
#include <py2cpp/enumerate.hpp>        // for iterable_wrapper
#include <py2cpp/set.hpp>              // for set
#include <unordered_map>               // for operator!=
#include <vector>                      // for vector
#include <xnetwork/classes/graph.hpp>  // for Graph, SimpleGraph
---

[ 92%] Linking CXX executable XNetworkTests
[ 92%] Built target XNetworkTests
Consolidate compiler generated dependencies of target XNetworkStandalone
[ 96%] Building CXX object standalone/CMakeFiles/XNetworkStandalone.dir/source/main.cpp.o
Warning: include-what-you-use reported diagnostics:

/data/data/com.termux/files/home/github/xnetwork-cpp/standalone/source/main.cpp should add these lines:
#include <memory>              // for shared_ptr

/data/data/com.termux/files/home/github/xnetwork-cpp/standalone/source/main.cpp should remove these lines:

The full include-list for /data/data/com.termux/files/home/github/xnetwork-cpp/standalone/source/main.cpp:
#include <xnetwork/greeter.h>  // for LanguageCode, LanguageCode::DE, Langua...
#include <xnetwork/version.h>  // for XNETWORK_VERSION
#include <cxxopts.hpp>         // for value, OptionAdder, Options, OptionValue
#include <iostream>            // for string, operator<<, endl, basic_ostream
#include <memory>              // for shared_ptr
#include <string>              // for char_traits, hash, operator==
#include <unordered_map>       // for operator==, unordered_map, __hash_map_...
---

[100%] Linking CXX executable XNetwork
[100%] Built target XNetworkStandalone
